2026-01-14 12:11:34 - NaverCafeCrawler_group1 - INFO - 브라우저 시작
2026-01-14 12:11:42 - NaverCafeCrawler_group1 - INFO - 브라우저 전체화면으로 시작됨
2026-01-14 12:11:42 - NaverCafeCrawler_group1 - INFO - ================================================================================
2026-01-14 12:11:42 - NaverCafeCrawler_group1 - INFO - 네이버 카페 크롤링 시작
2026-01-14 12:11:42 - NaverCafeCrawler_group1 - INFO - ================================================================================
2026-01-14 12:11:42 - NaverCafeCrawler_group1 - INFO - 기존 엑셀 파일 없음, 처음부터 시작
2026-01-14 12:11:42 - NaverCafeCrawler_group1 - INFO - 네이버 로그인 시작
2026-01-14 12:11:54 - NaverCafeCrawler_group1 - INFO - 로그인 완료 대기 (최대 120초)
2026-01-14 12:12:04 - NaverCafeCrawler_group1 - INFO - 로그인 성공 (소요: 10초)
2026-01-14 12:12:04 - NaverCafeCrawler_group1 - INFO - 쿠키 저장 완료: logs\cookies_group1.json
2026-01-14 12:12:04 - NaverCafeCrawler_group1 - INFO - [카페 1/1] 다이렉트결혼준비 시작
2026-01-14 12:12:04 - NaverCafeCrawler_group1 - INFO - [다이렉트결혼준비] [1/24] 'lg계약' 시작
2026-01-14 12:12:04 - NaverCafeCrawler_group1 - WARNING - 'lg계약' 1페이지 검색 오류: Target page, context or browser has been closed
2026-01-14 12:12:04 - NaverCafeCrawler_group1 - ERROR - 'lg계약' 1페이지 오류: Target page, context or browser has been closed
2026-01-14 12:12:04 - NaverCafeCrawler_group1 - INFO - 'lg계약' 완료: 0개
2026-01-14 12:12:04 - NaverCafeCrawler_group1 - INFO - 'lg계약' 수집 데이터 없음, 저장 건너뜀
2026-01-14 12:12:04 - NaverCafeCrawler_group1 - INFO - [다이렉트결혼준비] [2/24] 'lg구매' 시작
2026-01-14 12:12:04 - NaverCafeCrawler_group1 - WARNING - 'lg구매' 1페이지 검색 오류: Target page, context or browser has been closed
2026-01-14 12:12:04 - NaverCafeCrawler_group1 - ERROR - 'lg구매' 1페이지 오류: Target page, context or browser has been closed
2026-01-14 12:12:04 - NaverCafeCrawler_group1 - INFO - 'lg구매' 완료: 0개
2026-01-14 12:12:04 - NaverCafeCrawler_group1 - INFO - 'lg구매' 수집 데이터 없음, 저장 건너뜀
2026-01-14 12:12:04 - NaverCafeCrawler_group1 - INFO - [다이렉트결혼준비] [3/24] 'lg졸업' 시작
2026-01-14 12:12:04 - NaverCafeCrawler_group1 - WARNING - 'lg졸업' 1페이지 검색 오류: Target page, context or browser has been closed
2026-01-14 12:12:04 - NaverCafeCrawler_group1 - ERROR - 'lg졸업' 1페이지 오류: Target page, context or browser has been closed
2026-01-14 12:12:04 - NaverCafeCrawler_group1 - INFO - 'lg졸업' 완료: 0개
2026-01-14 12:12:04 - NaverCafeCrawler_group1 - INFO - 'lg졸업' 수집 데이터 없음, 저장 건너뜀
2026-01-14 12:12:04 - NaverCafeCrawler_group1 - INFO - [다이렉트결혼준비] [4/24] '삼성계약' 시작
2026-01-14 12:12:04 - NaverCafeCrawler_group1 - WARNING - '삼성계약' 1페이지 검색 오류: Target page, context or browser has been closed
2026-01-14 12:12:04 - NaverCafeCrawler_group1 - ERROR - '삼성계약' 1페이지 오류: Target page, context or browser has been closed
2026-01-14 12:12:04 - NaverCafeCrawler_group1 - INFO - '삼성계약' 완료: 0개
2026-01-14 12:12:04 - NaverCafeCrawler_group1 - INFO - '삼성계약' 수집 데이터 없음, 저장 건너뜀
2026-01-14 12:12:04 - NaverCafeCrawler_group1 - INFO - [다이렉트결혼준비] [5/24] '삼성구매' 시작
2026-01-14 12:12:04 - NaverCafeCrawler_group1 - WARNING - '삼성구매' 1페이지 검색 오류: Target page, context or browser has been closed
2026-01-14 12:12:04 - NaverCafeCrawler_group1 - ERROR - '삼성구매' 1페이지 오류: Target page, context or browser has been closed
2026-01-14 12:12:04 - NaverCafeCrawler_group1 - INFO - '삼성구매' 완료: 0개
2026-01-14 12:12:04 - NaverCafeCrawler_group1 - INFO - '삼성구매' 수집 데이터 없음, 저장 건너뜀
2026-01-14 12:12:04 - NaverCafeCrawler_group1 - INFO - [다이렉트결혼준비] [6/24] '삼성졸업' 시작
2026-01-14 12:12:04 - NaverCafeCrawler_group1 - WARNING - '삼성졸업' 1페이지 검색 오류: Target page, context or browser has been closed
2026-01-14 12:12:04 - NaverCafeCrawler_group1 - ERROR - '삼성졸업' 1페이지 오류: Target page, context or browser has been closed
2026-01-14 12:12:04 - NaverCafeCrawler_group1 - INFO - '삼성졸업' 완료: 0개
2026-01-14 12:12:04 - NaverCafeCrawler_group1 - INFO - '삼성졸업' 수집 데이터 없음, 저장 건너뜀
2026-01-14 12:12:04 - NaverCafeCrawler_group1 - INFO - [다이렉트결혼준비] [7/24] '엘지계약' 시작
2026-01-14 12:12:04 - NaverCafeCrawler_group1 - WARNING - '엘지계약' 1페이지 검색 오류: Target page, context or browser has been closed
2026-01-14 12:12:04 - NaverCafeCrawler_group1 - ERROR - '엘지계약' 1페이지 오류: Target page, context or browser has been closed
2026-01-14 12:12:04 - NaverCafeCrawler_group1 - INFO - '엘지계약' 완료: 0개
2026-01-14 12:12:04 - NaverCafeCrawler_group1 - INFO - '엘지계약' 수집 데이터 없음, 저장 건너뜀
2026-01-14 12:12:04 - NaverCafeCrawler_group1 - INFO - [다이렉트결혼준비] [8/24] '엘지구매' 시작
2026-01-14 12:12:04 - NaverCafeCrawler_group1 - WARNING - '엘지구매' 1페이지 검색 오류: Target page, context or browser has been closed
2026-01-14 12:12:04 - NaverCafeCrawler_group1 - ERROR - '엘지구매' 1페이지 오류: Target page, context or browser has been closed
2026-01-14 12:12:04 - NaverCafeCrawler_group1 - INFO - '엘지구매' 완료: 0개
2026-01-14 12:12:04 - NaverCafeCrawler_group1 - INFO - '엘지구매' 수집 데이터 없음, 저장 건너뜀
2026-01-14 12:12:04 - NaverCafeCrawler_group1 - INFO - [다이렉트결혼준비] [9/24] '엘지졸업' 시작
2026-01-14 12:12:04 - NaverCafeCrawler_group1 - WARNING - '엘지졸업' 1페이지 검색 오류: Target page, context or browser has been closed
2026-01-14 12:12:04 - NaverCafeCrawler_group1 - ERROR - '엘지졸업' 1페이지 오류: Target page, context or browser has been closed
2026-01-14 12:12:04 - NaverCafeCrawler_group1 - INFO - '엘지졸업' 완료: 0개
2026-01-14 12:12:04 - NaverCafeCrawler_group1 - INFO - '엘지졸업' 수집 데이터 없음, 저장 건너뜀
2026-01-14 12:12:04 - NaverCafeCrawler_group1 - INFO - [다이렉트결혼준비] [10/24] '베스트샵' 시작
2026-01-14 12:12:04 - NaverCafeCrawler_group1 - WARNING - '베스트샵' 1페이지 검색 오류: Target page, context or browser has been closed
2026-01-14 12:12:04 - NaverCafeCrawler_group1 - ERROR - '베스트샵' 1페이지 오류: Target page, context or browser has been closed
2026-01-14 12:12:04 - NaverCafeCrawler_group1 - INFO - '베스트샵' 완료: 0개
2026-01-14 12:12:04 - NaverCafeCrawler_group1 - INFO - '베스트샵' 수집 데이터 없음, 저장 건너뜀
2026-01-14 12:12:04 - NaverCafeCrawler_group1 - INFO - [다이렉트결혼준비] [11/24] '삼성스토어' 시작
2026-01-14 12:12:04 - NaverCafeCrawler_group1 - WARNING - '삼성스토어' 1페이지 검색 오류: Target page, context or browser has been closed
2026-01-14 12:12:04 - NaverCafeCrawler_group1 - ERROR - '삼성스토어' 1페이지 오류: Target page, context or browser has been closed
2026-01-14 12:12:04 - NaverCafeCrawler_group1 - INFO - '삼성스토어' 완료: 0개
2026-01-14 12:12:04 - NaverCafeCrawler_group1 - INFO - '삼성스토어' 수집 데이터 없음, 저장 건너뜀
2026-01-14 12:12:04 - NaverCafeCrawler_group1 - INFO - [다이렉트결혼준비] [12/24] '가전졸업' 시작
2026-01-14 12:12:04 - NaverCafeCrawler_group1 - WARNING - '가전졸업' 1페이지 검색 오류: Target page, context or browser has been closed
2026-01-14 12:12:04 - NaverCafeCrawler_group1 - ERROR - '가전졸업' 1페이지 오류: Target page, context or browser has been closed
2026-01-14 12:12:04 - NaverCafeCrawler_group1 - INFO - '가전졸업' 완료: 0개
2026-01-14 12:12:04 - NaverCafeCrawler_group1 - INFO - '가전졸업' 수집 데이터 없음, 저장 건너뜀
2026-01-14 12:12:04 - NaverCafeCrawler_group1 - INFO - [다이렉트결혼준비] [13/24] 'lg렌탈' 시작
2026-01-14 12:12:04 - NaverCafeCrawler_group1 - WARNING - 'lg렌탈' 1페이지 검색 오류: Target page, context or browser has been closed
2026-01-14 12:12:04 - NaverCafeCrawler_group1 - ERROR - 'lg렌탈' 1페이지 오류: Target page, context or browser has been closed
2026-01-14 12:12:04 - NaverCafeCrawler_group1 - INFO - 'lg렌탈' 완료: 0개
2026-01-14 12:12:04 - NaverCafeCrawler_group1 - INFO - 'lg렌탈' 수집 데이터 없음, 저장 건너뜀
2026-01-14 12:12:04 - NaverCafeCrawler_group1 - INFO - [다이렉트결혼준비] [14/24] '가전렌탈' 시작
2026-01-14 12:12:04 - NaverCafeCrawler_group1 - WARNING - '가전렌탈' 1페이지 검색 오류: Target page, context or browser has been closed
2026-01-14 12:12:04 - NaverCafeCrawler_group1 - ERROR - '가전렌탈' 1페이지 오류: Target page, context or browser has been closed
2026-01-14 12:12:04 - NaverCafeCrawler_group1 - INFO - '가전렌탈' 완료: 0개
2026-01-14 12:12:04 - NaverCafeCrawler_group1 - INFO - '가전렌탈' 수집 데이터 없음, 저장 건너뜀
2026-01-14 12:12:04 - NaverCafeCrawler_group1 - INFO - [다이렉트결혼준비] [15/24] '엘지교원' 시작
2026-01-14 12:12:04 - NaverCafeCrawler_group1 - WARNING - '엘지교원' 1페이지 검색 오류: Target page, context or browser has been closed
2026-01-14 12:12:04 - NaverCafeCrawler_group1 - ERROR - '엘지교원' 1페이지 오류: Target page, context or browser has been closed
2026-01-14 12:12:04 - NaverCafeCrawler_group1 - INFO - '엘지교원' 완료: 0개
2026-01-14 12:12:04 - NaverCafeCrawler_group1 - INFO - '엘지교원' 수집 데이터 없음, 저장 건너뜀
2026-01-14 12:12:04 - NaverCafeCrawler_group1 - INFO - [다이렉트결혼준비] [16/24] '베스트라이프' 시작
2026-01-14 12:12:04 - NaverCafeCrawler_group1 - WARNING - '베스트라이프' 1페이지 검색 오류: Target page, context or browser has been closed
2026-01-14 12:12:04 - NaverCafeCrawler_group1 - ERROR - '베스트라이프' 1페이지 오류: Target page, context or browser has been closed
2026-01-14 12:12:04 - NaverCafeCrawler_group1 - INFO - '베스트라이프' 완료: 0개
2026-01-14 12:12:04 - NaverCafeCrawler_group1 - INFO - '베스트라이프' 수집 데이터 없음, 저장 건너뜀
2026-01-14 12:12:04 - NaverCafeCrawler_group1 - INFO - [다이렉트결혼준비] [17/24] '가전구매' 시작
2026-01-14 12:12:04 - NaverCafeCrawler_group1 - WARNING - '가전구매' 1페이지 검색 오류: Target page, context or browser has been closed
2026-01-14 12:12:04 - NaverCafeCrawler_group1 - ERROR - '가전구매' 1페이지 오류: Target page, context or browser has been closed
2026-01-14 12:12:04 - NaverCafeCrawler_group1 - INFO - '가전구매' 완료: 0개
2026-01-14 12:12:04 - NaverCafeCrawler_group1 - INFO - '가전구매' 수집 데이터 없음, 저장 건너뜀
2026-01-14 12:12:04 - NaverCafeCrawler_group1 - INFO - [다이렉트결혼준비] [18/24] 'lg vs 삼성' 시작
2026-01-14 12:12:04 - NaverCafeCrawler_group1 - WARNING - 'lg vs 삼성' 1페이지 검색 오류: Target page, context or browser has been closed
2026-01-14 12:12:04 - NaverCafeCrawler_group1 - ERROR - 'lg vs 삼성' 1페이지 오류: Target page, context or browser has been closed
2026-01-14 12:12:04 - NaverCafeCrawler_group1 - INFO - 'lg vs 삼성' 완료: 0개
2026-01-14 12:12:04 - NaverCafeCrawler_group1 - INFO - 'lg vs 삼성' 수집 데이터 없음, 저장 건너뜀
2026-01-14 12:12:04 - NaverCafeCrawler_group1 - INFO - [다이렉트결혼준비] [19/24] 'lg구독' 시작
2026-01-14 12:12:04 - NaverCafeCrawler_group1 - WARNING - 'lg구독' 1페이지 검색 오류: Target page, context or browser has been closed
2026-01-14 12:12:04 - NaverCafeCrawler_group1 - ERROR - 'lg구독' 1페이지 오류: Target page, context or browser has been closed
2026-01-14 12:12:04 - NaverCafeCrawler_group1 - INFO - 'lg구독' 완료: 0개
2026-01-14 12:12:04 - NaverCafeCrawler_group1 - INFO - 'lg구독' 수집 데이터 없음, 저장 건너뜀
2026-01-14 12:12:04 - NaverCafeCrawler_group1 - INFO - [다이렉트결혼준비] [20/24] '가전구독' 시작
2026-01-14 12:12:04 - NaverCafeCrawler_group1 - WARNING - '가전구독' 1페이지 검색 오류: Target page, context or browser has been closed
2026-01-14 12:12:04 - NaverCafeCrawler_group1 - ERROR - '가전구독' 1페이지 오류: Target page, context or browser has been closed
2026-01-14 12:12:04 - NaverCafeCrawler_group1 - INFO - '가전구독' 완료: 0개
2026-01-14 12:12:04 - NaverCafeCrawler_group1 - INFO - '가전구독' 수집 데이터 없음, 저장 건너뜀
2026-01-14 12:12:04 - NaverCafeCrawler_group1 - INFO - [다이렉트결혼준비] [21/24] '가전상담' 시작
2026-01-14 12:12:04 - NaverCafeCrawler_group1 - WARNING - '가전상담' 1페이지 검색 오류: Target page, context or browser has been closed
2026-01-14 12:12:04 - NaverCafeCrawler_group1 - ERROR - '가전상담' 1페이지 오류: Target page, context or browser has been closed
2026-01-14 12:12:04 - NaverCafeCrawler_group1 - INFO - '가전상담' 완료: 0개
2026-01-14 12:12:04 - NaverCafeCrawler_group1 - INFO - '가전상담' 수집 데이터 없음, 저장 건너뜀
2026-01-14 12:12:04 - NaverCafeCrawler_group1 - INFO - [다이렉트결혼준비] [22/24] 'lg상담후기' 시작
2026-01-14 12:12:04 - NaverCafeCrawler_group1 - WARNING - 'lg상담후기' 1페이지 검색 오류: Target page, context or browser has been closed
2026-01-14 12:12:04 - NaverCafeCrawler_group1 - ERROR - 'lg상담후기' 1페이지 오류: Target page, context or browser has been closed
2026-01-14 12:12:04 - NaverCafeCrawler_group1 - INFO - 'lg상담후기' 완료: 0개
2026-01-14 12:12:04 - NaverCafeCrawler_group1 - INFO - 'lg상담후기' 수집 데이터 없음, 저장 건너뜀
2026-01-14 12:12:04 - NaverCafeCrawler_group1 - INFO - [다이렉트결혼준비] [23/24] '엘지상담' 시작
2026-01-14 12:12:04 - NaverCafeCrawler_group1 - WARNING - '엘지상담' 1페이지 검색 오류: Target page, context or browser has been closed
2026-01-14 12:12:04 - NaverCafeCrawler_group1 - ERROR - '엘지상담' 1페이지 오류: Target page, context or browser has been closed
2026-01-14 12:12:04 - NaverCafeCrawler_group1 - INFO - '엘지상담' 완료: 0개
2026-01-14 12:12:04 - NaverCafeCrawler_group1 - INFO - '엘지상담' 수집 데이터 없음, 저장 건너뜀
2026-01-14 12:12:04 - NaverCafeCrawler_group1 - INFO - [다이렉트결혼준비] [24/24] '삼성상담' 시작
2026-01-14 12:12:04 - NaverCafeCrawler_group1 - WARNING - '삼성상담' 1페이지 검색 오류: Target page, context or browser has been closed
2026-01-14 12:12:04 - NaverCafeCrawler_group1 - ERROR - '삼성상담' 1페이지 오류: Target page, context or browser has been closed
2026-01-14 12:12:04 - NaverCafeCrawler_group1 - INFO - '삼성상담' 완료: 0개
2026-01-14 12:12:04 - NaverCafeCrawler_group1 - INFO - '삼성상담' 수집 데이터 없음, 저장 건너뜀
2026-01-14 12:12:04 - NaverCafeCrawler_group1 - INFO - [카페 1/1] 다이렉트결혼준비 완료
2026-01-14 12:12:05 - NaverCafeCrawler_group1 - INFO - 브라우저 종료
